<?xml version="1.0" encoding="UTF-8"?>
<!-- Generated by org.testng.reporters.JUnitXMLReporter -->
<testsuite ignored="0" hostname="ShruthiManjesh" failures="0" tests="5" name="Surefire test" time="89.761" errors="0" timestamp="2023-10-20T19:32:03 IST">
  <testcase classname="apiTestingCapstone.ApiTests" name="getApiValidation" time="1.958"/>
  <testcase classname="simplilearn.capstoneproject.MedicareAppTests" name="validateSignUpAndLoginAsSupplier" time="23.505"/>
  <testcase classname="simplilearn.capstoneproject.MedicareAppTests" name="validateSignUpAndLoginAsUser" time="16.963"/>
  <testcase classname="simplilearn.capstoneproject.MedicareAppTests" name="addItemToCartAndValidateCheckout" time="15.142"/>
  <testcase classname="simplilearn.capstoneproject.MedicareAppTests" name="addMultipleItemsToCartAndValidateCheckout" time="22.411"/>
</testsuite> <!-- Surefire test -->
