<?xml version="1.0" encoding="UTF-8"?>
<!-- Generated by org.testng.reporters.JUnitXMLReporter -->
<testsuite ignored="0" hostname="ShruthiManjesh" failures="0" tests="4" name="Default test" time="87.565" errors="0" timestamp="2023-10-21T17:17:15 IST">
  <testcase classname="simplilearn.capstoneproject.MedicareAppTests" name="validateSignUpAndLoginAsSupplier" time="23.45"/>
  <testcase classname="simplilearn.capstoneproject.MedicareAppTests" name="validateSignUpAndLoginAsUser" time="16.878"/>
  <testcase classname="simplilearn.capstoneproject.MedicareAppTests" name="addItemToCartAndValidateCheckout" time="15.06"/>
  <testcase classname="simplilearn.capstoneproject.MedicareAppTests" name="addMultipleItemsToCartAndValidateCheckout" time="22.28"/>
</testsuite> <!-- Default test -->
