<?xml version="1.0" encoding="UTF-8"?>
<!-- Generated by org.testng.reporters.JUnitXMLReporter -->
<testsuite ignored="0" hostname="ShruthiManjesh" failures="0" tests="4" name="Default test" time="81.244" errors="0" timestamp="2023-10-18T11:46:56 IST">
  <testcase classname="simplilearn.capstoneproject.SignupTest" name="validateSignUpAndLoginAsSupplier" time="22.36"/>
  <testcase classname="simplilearn.capstoneproject.SignupTest" name="validateSignUpAndLoginAsUser" time="16.735"/>
  <testcase classname="simplilearn.capstoneproject.SignupTest" name="addItemToCartAndValidateCheckout" time="14.569"/>
  <testcase classname="simplilearn.capstoneproject.SignupTest" name="addMultipleItemsToCartAndValidateCheckout" time="22.365"/>
</testsuite> <!-- Default test -->
