<?xml version="1.0" encoding="UTF-8"?>
<!-- Generated by org.testng.reporters.JUnitXMLReporter -->
<testsuite ignored="0" hostname="ShruthiManjesh" failures="0" tests="6" name="Test" time="82.503" errors="0" timestamp="2023-10-21T17:21:43 IST">
  <testcase classname="apiTestingCapstone.ApiTests" name="getApiResponseValidation" time="2.15"/>
  <testcase classname="apiTestingCapstone.ApiTests" name="getApiStatusValidation" time="0.034"/>
  <testcase classname="simplilearn.capstoneproject.MedicareAppTests" name="validateSignUpAndLoginAsSupplier" time="22.849"/>
  <testcase classname="simplilearn.capstoneproject.MedicareAppTests" name="validateSignUpAndLoginAsUser" time="16.894"/>
  <testcase classname="simplilearn.capstoneproject.MedicareAppTests" name="addItemToCartAndValidateCheckout" time="14.629"/>
  <testcase classname="simplilearn.capstoneproject.MedicareAppTests" name="addMultipleItemsToCartAndValidateCheckout" time="22.41"/>
</testsuite> <!-- Test -->
