<?xml version="1.0" encoding="UTF-8"?>
<testsuite xmlns:xsi="http://www.w3.org/2001/XMLSchema-instance" xsi:noNamespaceSchemaLocation="https://maven.apache.org/surefire/maven-surefire-plugin/xsd/surefire-test-report.xsd" name="TestSuite" time="90.211" tests="5" errors="0" skipped="0" failures="0">
  <properties>
[...]
</properties>
  <testcase name="getApiValidation" classname="apiTestingCapstone.ApiTests" time="1.962"/>
  <testcase name="validateSignUpAndLoginAsSupplier" classname="simplilearn.capstoneproject.MedicareAppTests" time="23.505"/>
  <testcase name="validateSignUpAndLoginAsUser" classname="simplilearn.capstoneproject.MedicareAppTests" time="16.962"/>
  <testcase name="addItemToCartAndValidateCheckout" classname="simplilearn.capstoneproject.MedicareAppTests" time="15.142"/>
  <testcase name="addMultipleItemsToCartAndValidateCheckout" classname="simplilearn.capstoneproject.MedicareAppTests" time="22.411"/>
</testsuite>