<?xml version="1.0" encoding="UTF-8"?>
<testng-results ignored="0" total="2" passed="2" failed="0" skipped="0">
  <reporter-output>
  </reporter-output>
  <suite started-at="2023-10-21T11:56:57 IST" name="Default suite" finished-at="2023-10-21T11:57:00 IST" duration-ms="2930">
    <groups>
    </groups>
    <test started-at="2023-10-21T11:56:57 IST" name="Default test" finished-at="2023-10-21T11:57:00 IST" duration-ms="2930">
      <class name="apiTestingCapstone.ApiTests">
        <test-method signature="getApiResponseValidation()[pri:0, instance:apiTestingCapstone.ApiTests@29647f75]" started-at="2023-10-21T11:56:58 IST" name="getApiResponseValidation" finished-at="2023-10-21T11:57:00 IST" duration-ms="2822" status="PASS">
          <reporter-output>
          </reporter-output>
        </test-method> <!-- getApiResponseValidation -->
        <test-method signature="getApiStatusValidation()[pri:0, instance:apiTestingCapstone.ApiTests@29647f75]" started-at="2023-10-21T11:57:00 IST" name="getApiStatusValidation" finished-at="2023-10-21T11:57:00 IST" duration-ms="55" status="PASS">
          <reporter-output>
          </reporter-output>
        </test-method> <!-- getApiStatusValidation -->
      </class> <!-- apiTestingCapstone.ApiTests -->
    </test> <!-- Default test -->
  </suite> <!-- Default suite -->
</testng-results>
